08-07-2024 13:29:15 [restartedMain] INFO  g.i.g.JdbcTemplateDemo01Application -- Starting JdbcTemplateDemo01Application using Java 20.0.2 with PID 16488 (D:\BACK-GYS\GIT-CLONE\gys\target\classes started by jaim.martinez in D:\BACK-GYS\GIT-CLONE\gys)


08-07-2024 13:29:15 [restartedMain] INFO  g.i.g.JdbcTemplateDemo01Application -- No active profile set, falling back to 1 default profile: "default"


08-07-2024 13:29:16 [restartedMain] INFO  o.s.b.d.e.DevToolsPropertyDefaultsPostProcessor -- Devtools property defaults active! Set 'spring.devtools.add-properties' to 'false' to disable


08-07-2024 13:29:16 [restartedMain] INFO  o.s.b.d.e.DevToolsPropertyDefaultsPostProcessor -- For additional web related logging consider setting the 'logging.level.web' property to 'DEBUG'


08-07-2024 13:29:16 [restartedMain] INFO  o.s.b.w.e.tomcat.TomcatWebServer -- Tomcat initialized with port(s): 8443 (http)


08-07-2024 13:29:16 [restartedMain] INFO  o.a.coyote.http11.Http11NioProtocol -- Initializing ProtocolHandler ["http-nio-8443"]


08-07-2024 13:29:16 [restartedMain] INFO  o.a.catalina.core.StandardService -- Starting service [Tomcat]


08-07-2024 13:29:16 [restartedMain] INFO  o.a.catalina.core.StandardEngine -- Starting Servlet engine: [Apache Tomcat/10.1.5]


08-07-2024 13:29:17 [restartedMain] INFO  o.a.c.c.C.[Tomcat].[localhost].[/] -- Initializing Spring embedded WebApplicationContext


08-07-2024 13:29:17 [restartedMain] INFO  o.s.b.w.s.c.ServletWebServerApplicationContext -- Root WebApplicationContext: initialization completed in 1009 ms


08-07-2024 13:29:17 [restartedMain] INFO  o.s.b.d.a.OptionalLiveReloadServer -- LiveReload server is running on port 35729


08-07-2024 13:29:17 [restartedMain] INFO  o.a.coyote.http11.Http11NioProtocol -- Starting ProtocolHandler ["http-nio-8443"]


08-07-2024 13:29:17 [restartedMain] INFO  o.s.b.w.e.tomcat.TomcatWebServer -- Tomcat started on port(s): 8443 (http) with context path ''


08-07-2024 13:29:17 [restartedMain] INFO  g.i.g.JdbcTemplateDemo01Application -- Started JdbcTemplateDemo01Application in 2.262 seconds (process running for 2.811)


08-07-2024 13:29:37 [main] INFO  o.s.t.c.s.AnnotationConfigContextLoaderUtils -- Could not detect default configuration classes for test class [gob.issste.gys.JdbcTemplateDemo01ApplicationTests]: JdbcTemplateDemo01ApplicationTests does not declare any static, non-private, non-final, nested classes annotated with @Configuration.


08-07-2024 13:29:37 [main] INFO  o.s.b.t.c.SpringBootTestContextBootstrapper -- Found @SpringBootConfiguration gob.issste.gys.JdbcTemplateDemo01Application for test class gob.issste.gys.JdbcTemplateDemo01ApplicationTests


08-07-2024 13:29:37 [main] INFO  g.i.g.JdbcTemplateDemo01ApplicationTests -- Starting JdbcTemplateDemo01ApplicationTests using Java 20.0.2 with PID 5032 (started by jaim.martinez in D:\BACK-GYS\GIT-CLONE\gys)


08-07-2024 13:29:37 [main] INFO  g.i.g.JdbcTemplateDemo01ApplicationTests -- No active profile set, falling back to 1 default profile: "default"


08-07-2024 13:29:39 [main] INFO  g.i.g.JdbcTemplateDemo01ApplicationTests -- Started JdbcTemplateDemo01ApplicationTests in 2.441 seconds (process running for 3.362)


08-07-2024 13:40:59 [restartedMain] INFO  g.i.g.JdbcTemplateDemo01Application -- Starting JdbcTemplateDemo01Application using Java 20.0.2 with PID 14684 (D:\BACK-GYS\GIT-CLONE\gys\target\classes started by jaim.martinez in D:\BACK-GYS\GIT-CLONE\gys)


08-07-2024 13:40:59 [restartedMain] INFO  g.i.g.JdbcTemplateDemo01Application -- No active profile set, falling back to 1 default profile: "default"


08-07-2024 13:40:59 [restartedMain] INFO  o.s.b.d.e.DevToolsPropertyDefaultsPostProcessor -- Devtools property defaults active! Set 'spring.devtools.add-properties' to 'false' to disable


08-07-2024 13:40:59 [restartedMain] INFO  o.s.b.d.e.DevToolsPropertyDefaultsPostProcessor -- For additional web related logging consider setting the 'logging.level.web' property to 'DEBUG'


08-07-2024 13:41:00 [restartedMain] INFO  o.s.b.w.e.tomcat.TomcatWebServer -- Tomcat initialized with port(s): 8443 (http)


08-07-2024 13:41:00 [restartedMain] INFO  o.a.coyote.http11.Http11NioProtocol -- Initializing ProtocolHandler ["http-nio-8443"]


08-07-2024 13:41:00 [restartedMain] INFO  o.a.catalina.core.StandardService -- Starting service [Tomcat]


08-07-2024 13:41:00 [restartedMain] INFO  o.a.catalina.core.StandardEngine -- Starting Servlet engine: [Apache Tomcat/10.1.5]


08-07-2024 13:41:00 [restartedMain] INFO  o.a.c.c.C.[Tomcat].[localhost].[/] -- Initializing Spring embedded WebApplicationContext


08-07-2024 13:41:00 [restartedMain] INFO  o.s.b.w.s.c.ServletWebServerApplicationContext -- Root WebApplicationContext: initialization completed in 1198 ms


08-07-2024 13:41:01 [restartedMain] INFO  o.s.b.d.a.OptionalLiveReloadServer -- LiveReload server is running on port 35729


08-07-2024 13:41:01 [restartedMain] INFO  o.a.coyote.http11.Http11NioProtocol -- Starting ProtocolHandler ["http-nio-8443"]


08-07-2024 13:41:01 [restartedMain] INFO  o.s.b.w.e.tomcat.TomcatWebServer -- Tomcat started on port(s): 8443 (http) with context path ''


08-07-2024 13:41:01 [restartedMain] INFO  g.i.g.JdbcTemplateDemo01Application -- Started JdbcTemplateDemo01Application in 2.48 seconds (process running for 3.178)


