10-07-2024 11:32:01 [restartedMain] INFO  g.i.g.JdbcTemplateDemo01Application -- Starting JdbcTemplateDemo01Application using Java 20.0.2 with PID 18064 (D:\BACK-GYS\GIT-CLONE\gys\target\classes started by jaim.martinez in D:\BACK-GYS\GIT-CLONE\gys)


10-07-2024 11:32:01 [restartedMain] INFO  g.i.g.JdbcTemplateDemo01Application -- No active profile set, falling back to 1 default profile: "default"


10-07-2024 11:32:01 [restartedMain] INFO  o.s.b.d.e.DevToolsPropertyDefaultsPostProcessor -- Devtools property defaults active! Set 'spring.devtools.add-properties' to 'false' to disable


10-07-2024 11:32:01 [restartedMain] INFO  o.s.b.d.e.DevToolsPropertyDefaultsPostProcessor -- For additional web related logging consider setting the 'logging.level.web' property to 'DEBUG'


10-07-2024 11:32:02 [restartedMain] INFO  o.s.b.w.e.tomcat.TomcatWebServer -- Tomcat initialized with port(s): 8443 (http)


10-07-2024 11:32:02 [restartedMain] INFO  o.a.coyote.http11.Http11NioProtocol -- Initializing ProtocolHandler ["http-nio-8443"]


10-07-2024 11:32:02 [restartedMain] INFO  o.a.catalina.core.StandardService -- Starting service [Tomcat]


10-07-2024 11:32:02 [restartedMain] INFO  o.a.catalina.core.StandardEngine -- Starting Servlet engine: [Apache Tomcat/10.1.5]


10-07-2024 11:32:02 [restartedMain] INFO  o.a.c.c.C.[Tomcat].[localhost].[/] -- Initializing Spring embedded WebApplicationContext


10-07-2024 11:32:02 [restartedMain] INFO  o.s.b.w.s.c.ServletWebServerApplicationContext -- Root WebApplicationContext: initialization completed in 1208 ms


10-07-2024 11:32:03 [restartedMain] INFO  o.s.b.d.a.OptionalLiveReloadServer -- LiveReload server is running on port 35729


10-07-2024 11:32:03 [restartedMain] INFO  o.a.coyote.http11.Http11NioProtocol -- Starting ProtocolHandler ["http-nio-8443"]


10-07-2024 11:32:03 [restartedMain] INFO  o.s.b.w.e.tomcat.TomcatWebServer -- Tomcat started on port(s): 8443 (http) with context path ''


10-07-2024 11:32:03 [restartedMain] INFO  g.i.g.JdbcTemplateDemo01Application -- Started JdbcTemplateDemo01Application in 2.434 seconds (process running for 3.032)


10-07-2024 11:32:03 [http-nio-8443-exec-1] INFO  o.a.c.c.C.[Tomcat].[localhost].[/] -- Initializing Spring DispatcherServlet 'dispatcherServlet'


10-07-2024 11:32:03 [http-nio-8443-exec-1] INFO  o.s.web.servlet.DispatcherServlet -- Initializing Servlet 'dispatcherServlet'


10-07-2024 11:32:03 [http-nio-8443-exec-1] INFO  o.s.web.servlet.DispatcherServlet -- Completed initialization in 0 ms


10-07-2024 11:32:04 [http-nio-8443-exec-9] INFO  o.s.api.AbstractOpenApiResource -- Init duration for springdoc-openapi is: 611 ms


10-07-2024 11:41:44 [http-nio-8443-exec-5] INFO  g.i.g.JdbcTemplateDemo01Application -- Select S.id, S.id_empleado clave_empleado, S.id_centro_trabajo, n_centro_trabajo,
  S.id_clave_servicio, n_clave_servicio, S.id_puesto_plaza, n_puesto_plaza, 'SI' tipo_suplencia,
  S.id_nivel, S.id_sub_nivel, S.id_tipo_jornada, S.id_turno, dias, S.fec_inicio, S.fec_fin, S.folio, S.motivo, S.id_clave_movimiento, S.coment, S.estatus,
  S.importe, P.id_tipo_tabulador, S.fec_paga, C.id_zona, S.id_ordinal, NVL(riesgos,0) riesgos, S.id_usuario,
  S.id_empleado_sup clave_empleado_suplir
From gys_suplencias_emp S, gys_fechas_control F, m4t_puestos_plaza P, m4t_clave_servicio SE, m4t_centros_trab C
Where S.fec_paga = F.fec_pago
  And S.id_puesto_plaza = P.id_puesto_plaza
  And P.id_empresa='01'
  And S.id_clave_servicio = SE.id_clave_servicio
  And SE.id_empresa='01'
  And S.id_centro_trabajo = C.id_centro_trabajo
  And S.fec_paga = ?
Order by S.fec_paga desc, S.fec_inicio


10-07-2024 11:41:44 [http-nio-8443-exec-5] INFO  com.zaxxer.hikari.HikariDataSource -- HikariPool-1 - Starting...


10-07-2024 11:41:44 [http-nio-8443-exec-5] INFO  com.zaxxer.hikari.pool.HikariPool -- HikariPool-1 - Added connection com.informix.jdbc.IfxSqliConnect@31c1d519


10-07-2024 11:41:44 [http-nio-8443-exec-5] INFO  com.zaxxer.hikari.HikariDataSource -- HikariPool-1 - Start completed.


10-07-2024 19:54:46 [SpringApplicationShutdownHook] INFO  com.zaxxer.hikari.HikariDataSource -- HikariPool-1 - Shutdown initiated...


10-07-2024 19:54:46 [SpringApplicationShutdownHook] INFO  com.zaxxer.hikari.HikariDataSource -- HikariPool-1 - Shutdown completed.


