09-07-2024 13:38:17 [restartedMain] INFO  g.i.g.JdbcTemplateDemo01Application -- Starting JdbcTemplateDemo01Application using Java 20.0.2 with PID 18356 (D:\BACK-GYS\GIT-CLONE\gys\target\classes started by jaim.martinez in D:\BACK-GYS\GIT-CLONE\gys)


09-07-2024 13:38:17 [restartedMain] INFO  g.i.g.JdbcTemplateDemo01Application -- No active profile set, falling back to 1 default profile: "default"


09-07-2024 13:38:17 [restartedMain] INFO  o.s.b.d.e.DevToolsPropertyDefaultsPostProcessor -- Devtools property defaults active! Set 'spring.devtools.add-properties' to 'false' to disable


09-07-2024 13:38:17 [restartedMain] INFO  o.s.b.d.e.DevToolsPropertyDefaultsPostProcessor -- For additional web related logging consider setting the 'logging.level.web' property to 'DEBUG'


09-07-2024 13:38:18 [restartedMain] INFO  o.s.b.w.e.tomcat.TomcatWebServer -- Tomcat initialized with port(s): 8443 (http)


09-07-2024 13:38:18 [restartedMain] INFO  o.a.coyote.http11.Http11NioProtocol -- Initializing ProtocolHandler ["http-nio-8443"]


09-07-2024 13:38:18 [restartedMain] INFO  o.a.catalina.core.StandardService -- Starting service [Tomcat]


09-07-2024 13:38:18 [restartedMain] INFO  o.a.catalina.core.StandardEngine -- Starting Servlet engine: [Apache Tomcat/10.1.5]


09-07-2024 13:38:18 [restartedMain] INFO  o.a.c.c.C.[Tomcat].[localhost].[/] -- Initializing Spring embedded WebApplicationContext


09-07-2024 13:38:18 [restartedMain] INFO  o.s.b.w.s.c.ServletWebServerApplicationContext -- Root WebApplicationContext: initialization completed in 1370 ms


09-07-2024 13:38:19 [restartedMain] INFO  o.s.b.d.a.OptionalLiveReloadServer -- LiveReload server is running on port 35729


09-07-2024 13:38:19 [restartedMain] INFO  o.a.coyote.http11.Http11NioProtocol -- Starting ProtocolHandler ["http-nio-8443"]


09-07-2024 13:38:19 [restartedMain] INFO  o.s.b.w.e.tomcat.TomcatWebServer -- Tomcat started on port(s): 8443 (http) with context path ''


09-07-2024 13:38:19 [restartedMain] INFO  g.i.g.JdbcTemplateDemo01Application -- Started JdbcTemplateDemo01Application in 2.613 seconds (process running for 3.889)


09-07-2024 13:39:31 [http-nio-8443-exec-1] INFO  o.a.c.c.C.[Tomcat].[localhost].[/] -- Initializing Spring DispatcherServlet 'dispatcherServlet'


09-07-2024 13:39:31 [http-nio-8443-exec-1] INFO  o.s.web.servlet.DispatcherServlet -- Initializing Servlet 'dispatcherServlet'


09-07-2024 13:39:31 [http-nio-8443-exec-1] INFO  o.s.web.servlet.DispatcherServlet -- Completed initialization in 1 ms


09-07-2024 13:39:31 [http-nio-8443-exec-1] INFO  g.i.g.JdbcTemplateDemo01Application -- SELECT * FROM gys_presupuesto_tip_movs


09-07-2024 13:39:31 [http-nio-8443-exec-1] INFO  com.zaxxer.hikari.HikariDataSource -- HikariPool-1 - Starting...


09-07-2024 13:39:32 [http-nio-8443-exec-1] INFO  com.zaxxer.hikari.pool.HikariPool -- HikariPool-1 - Added connection com.informix.jdbc.IfxSqliConnect@55603c3c


09-07-2024 13:39:32 [http-nio-8443-exec-1] INFO  com.zaxxer.hikari.HikariDataSource -- HikariPool-1 - Start completed.


09-07-2024 13:39:36 [http-nio-8443-exec-2] INFO  g.i.g.JdbcTemplateDemo01Application -- SELECT * FROM gys_presupuesto_tip_movs


09-07-2024 13:41:00 [http-nio-8443-exec-4] INFO  g.i.g.JdbcTemplateDemo01Application -- SELECT u.*, e.id_sociedad, e.id_empleado, e.nombre, e.apellido_1, e.apellido_2, e.id_legal,
d.id_div_geografica, n_div_geografica, n.Descripcion
FROM gys_Usuarios u, m4t_empleados e, m4t_delegaciones d, gys_NivelVisibilidad n
Where u.IdEmpleado=e.id_empleado And u.IdDelegacion=d.id_div_geografica  And u.IdNivelVisibilidad=n.IdNivelVisibilidad And Clave=? And Password=?


09-07-2024 13:41:10 [http-nio-8443-exec-4] INFO  g.i.g.JdbcTemplateDemo01Application -- SELECT id_centro_trabajo Clave, n_centro_trabajo Descripcion, id_tipo_ct Tipo, id_zona Zona
FROM gys_Usuarios_Centros_Trab U, m4t_centros_trab C
Where U.IdCentroTrab = C.id_centro_trabajo And U.IdUsuario = ?



09-07-2024 13:41:16 [http-nio-8443-exec-4] INFO  g.i.g.JdbcTemplateDemo01Application -- SELECT P.IdPerfil, P.Descripcion, PU.IdUsuario, P.id_usuario 
FROM gys_PerfilesPorUsuario PU
INNER JOIN gys_Perfiles P
ON PU.IdPerfil = P.IdPerfil
  And PU.IdUsuario=?


09-07-2024 13:41:16 [http-nio-8443-exec-4] INFO  g.i.g.JdbcTemplateDemo01Application -- SELECT OP.IdOpcion, O.Descripcion, O.Componente, O.id_usuario
FROM gys_OpcionesPorPerfil OP
INNER JOIN gys_Opciones O
ON OP.IdOpcion = O.IdOpcion
  AND OP.IdPerfil=?


09-07-2024 13:41:17 [http-nio-8443-exec-4] INFO  g.i.g.JdbcTemplateDemo01Application -- SELECT OP.IdOpcion, O.Descripcion, O.Componente, O.id_usuario
FROM gys_OpcionesPorPerfil OP
INNER JOIN gys_Opciones O
ON OP.IdOpcion = O.IdOpcion
  AND OP.IdPerfil=?


09-07-2024 13:41:18 [http-nio-8443-exec-4] INFO  g.i.g.JdbcTemplateDemo01Application -- SELECT OP.IdOpcion, O.Descripcion, O.Componente, O.id_usuario
FROM gys_OpcionesPorPerfil OP
INNER JOIN gys_Opciones O
ON OP.IdOpcion = O.IdOpcion
  AND OP.IdPerfil=?


09-07-2024 13:41:19 [http-nio-8443-exec-4] INFO  g.i.g.JdbcTemplateDemo01Application -- SELECT OP.IdOpcion, O.Descripcion, O.Componente, O.id_usuario
FROM gys_OpcionesPorPerfil OP
INNER JOIN gys_Opciones O
ON OP.IdOpcion = O.IdOpcion
  AND OP.IdPerfil=?


09-07-2024 13:41:19 [http-nio-8443-exec-4] INFO  g.i.g.JdbcTemplateDemo01Application -- SELECT OP.IdOpcion, O.Descripcion, O.Componente, O.id_usuario
FROM gys_OpcionesPorPerfil OP
INNER JOIN gys_Opciones O
ON OP.IdOpcion = O.IdOpcion
  AND OP.IdPerfil=?


09-07-2024 13:41:20 [http-nio-8443-exec-4] INFO  g.i.g.JdbcTemplateDemo01Application -- SELECT OP.IdOpcion, O.Descripcion, O.Componente, O.id_usuario
FROM gys_OpcionesPorPerfil OP
INNER JOIN gys_Opciones O
ON OP.IdOpcion = O.IdOpcion
  AND OP.IdPerfil=?


09-07-2024 13:41:22 [http-nio-8443-exec-5] INFO  g.i.g.JdbcTemplateDemo01Application -- SELECT u.*, e.id_sociedad, e.id_empleado, e.nombre, e.apellido_1, e.apellido_2, e.id_legal,
  d.id_div_geografica, n_div_geografica, n.Descripcion
FROM gys_Usuarios u, m4t_empleados e, m4t_delegaciones d, gys_NivelVisibilidad n
Where u.IdEmpleado=e.id_empleado And u.IdDelegacion=d.id_div_geografica
  And u.IdNivelVisibilidad=n.IdNivelVisibilidad And u.IdUsuario=?


09-07-2024 13:41:22 [http-nio-8443-exec-5] INFO  g.i.g.JdbcTemplateDemo01Application -- SELECT * from gys_fechas_control WHERE estatus = 1


09-07-2024 13:41:52 [http-nio-8443-exec-6] INFO  g.i.g.JdbcTemplateDemo01Application -- Select P.id, P.anio, P.mes, P.saldo, P.idDelegacion, D.n_div_geografica, NVL(P.id_centro_trabajo, '00000') id_centro_trabajo,
P.idTipoPresup, T.clave clave_tipo_presup, T.descripcion descripcion_tipo_presup,
NVL(C.id_centro_trabajo, '') Clave, NVL(n_centro_trabajo, '') Descripcion, NVL(id_tipo_ct, '') Tipo, NVL(id_zona, '') Zona
From gys_presupuesto P Left Join m4t_centros_trab C ON P.id_centro_trabajo = C.id_centro_trabajo, gys_tip_presupuesto T, m4t_delegaciones D
Where P.idTipoPresup=T.id And P.idDelegacion=D.id_div_geografica
And P.anio = ?
And P.mes = ?
And P.id_centro_trabajo Is NULL
Order by idDelegacion


09-07-2024 13:42:29 [http-nio-8443-exec-7] INFO  g.i.g.JdbcTemplateDemo01Application -- Select P.id, P.anio, P.mes, P.saldo, P.idDelegacion, D.n_div_geografica, NVL(P.id_centro_trabajo, '00000') id_centro_trabajo,
P.idTipoPresup, T.clave clave_tipo_presup, T.descripcion descripcion_tipo_presup,
NVL(C.id_centro_trabajo, '') Clave, NVL(n_centro_trabajo, '') Descripcion, NVL(id_tipo_ct, '') Tipo, NVL(id_zona, '') Zona
From gys_presupuesto P Left Join m4t_centros_trab C ON P.id_centro_trabajo = C.id_centro_trabajo, gys_tip_presupuesto T, m4t_delegaciones D
Where P.idTipoPresup=T.id And P.idDelegacion=D.id_div_geografica
And P.anio = ?
And P.mes = ?
And P.id_centro_trabajo Is NULL
Order by idDelegacion


09-07-2024 13:42:51 [http-nio-8443-exec-8] INFO  g.i.g.JdbcTemplateDemo01Application -- Select P.id, P.anio, P.mes, P.saldo, P.idDelegacion, D.n_div_geografica, NVL(P.id_centro_trabajo, '00000') id_centro_trabajo,
P.idTipoPresup, T.clave clave_tipo_presup, T.descripcion descripcion_tipo_presup,
NVL(C.id_centro_trabajo, '') Clave, NVL(n_centro_trabajo, '') Descripcion, NVL(id_tipo_ct, '') Tipo, NVL(id_zona, '') Zona
From gys_presupuesto P Left Join m4t_centros_trab C ON P.id_centro_trabajo = C.id_centro_trabajo, gys_tip_presupuesto T, m4t_delegaciones D
Where P.idTipoPresup=T.id And P.idDelegacion=D.id_div_geografica
And P.anio = ?
And P.mes = ?
And P.id_centro_trabajo Is NULL
Order by idDelegacion


09-07-2024 13:43:04 [http-nio-8443-exec-9] INFO  g.i.g.JdbcTemplateDemo01Application -- SELECT * FROM gys_presupuesto_tip_movs


09-07-2024 13:43:04 [http-nio-8443-exec-10] INFO  g.i.g.JdbcTemplateDemo01Application -- SELECT * FROM gys_presupuesto_tip_movs


09-07-2024 13:47:48 [http-nio-8443-exec-2] INFO  g.i.g.JdbcTemplateDemo01Application -- SELECT * FROM gys_presupuesto_tip_movs


09-07-2024 13:48:22 [http-nio-8443-exec-3] INFO  g.i.g.JdbcTemplateDemo01Application -- SELECT * FROM gys_presupuesto_tip_movs


09-07-2024 13:49:08 [http-nio-8443-exec-4] INFO  g.i.g.JdbcTemplateDemo01Application -- SELECT * FROM gys_presupuesto_tip_movs


09-07-2024 14:51:31 [http-nio-8443-exec-6] INFO  g.i.g.JdbcTemplateDemo01Application -- SELECT * FROM gys_presupuesto_tip_movs


09-07-2024 14:51:49 [http-nio-8443-exec-7] INFO  g.i.g.JdbcTemplateDemo01Application -- SELECT * FROM gys_presupuesto_tip_movs


09-07-2024 14:52:38 [http-nio-8443-exec-8] INFO  g.i.g.JdbcTemplateDemo01Application -- SELECT u.*, e.id_sociedad, e.id_empleado, e.nombre, e.apellido_1, e.apellido_2, e.id_legal,
d.id_div_geografica, n_div_geografica, n.Descripcion
FROM gys_Usuarios u, m4t_empleados e, m4t_delegaciones d, gys_NivelVisibilidad n
Where u.IdEmpleado=e.id_empleado And u.IdDelegacion=d.id_div_geografica  And u.IdNivelVisibilidad=n.IdNivelVisibilidad And Clave=? And Password=?


09-07-2024 14:52:38 [http-nio-8443-exec-8] INFO  g.i.g.JdbcTemplateDemo01Application -- SELECT id_centro_trabajo Clave, n_centro_trabajo Descripcion, id_tipo_ct Tipo, id_zona Zona
FROM gys_Usuarios_Centros_Trab U, m4t_centros_trab C
Where U.IdCentroTrab = C.id_centro_trabajo And U.IdUsuario = ?



09-07-2024 14:52:39 [http-nio-8443-exec-8] INFO  g.i.g.JdbcTemplateDemo01Application -- SELECT P.IdPerfil, P.Descripcion, PU.IdUsuario, P.id_usuario 
FROM gys_PerfilesPorUsuario PU
INNER JOIN gys_Perfiles P
ON PU.IdPerfil = P.IdPerfil
  And PU.IdUsuario=?


09-07-2024 14:52:39 [http-nio-8443-exec-8] INFO  g.i.g.JdbcTemplateDemo01Application -- SELECT OP.IdOpcion, O.Descripcion, O.Componente, O.id_usuario
FROM gys_OpcionesPorPerfil OP
INNER JOIN gys_Opciones O
ON OP.IdOpcion = O.IdOpcion
  AND OP.IdPerfil=?


09-07-2024 14:52:40 [http-nio-8443-exec-8] INFO  g.i.g.JdbcTemplateDemo01Application -- SELECT OP.IdOpcion, O.Descripcion, O.Componente, O.id_usuario
FROM gys_OpcionesPorPerfil OP
INNER JOIN gys_Opciones O
ON OP.IdOpcion = O.IdOpcion
  AND OP.IdPerfil=?


09-07-2024 14:52:40 [http-nio-8443-exec-8] INFO  g.i.g.JdbcTemplateDemo01Application -- SELECT OP.IdOpcion, O.Descripcion, O.Componente, O.id_usuario
FROM gys_OpcionesPorPerfil OP
INNER JOIN gys_Opciones O
ON OP.IdOpcion = O.IdOpcion
  AND OP.IdPerfil=?


09-07-2024 14:52:41 [http-nio-8443-exec-8] INFO  g.i.g.JdbcTemplateDemo01Application -- SELECT OP.IdOpcion, O.Descripcion, O.Componente, O.id_usuario
FROM gys_OpcionesPorPerfil OP
INNER JOIN gys_Opciones O
ON OP.IdOpcion = O.IdOpcion
  AND OP.IdPerfil=?


09-07-2024 14:52:41 [http-nio-8443-exec-8] INFO  g.i.g.JdbcTemplateDemo01Application -- SELECT OP.IdOpcion, O.Descripcion, O.Componente, O.id_usuario
FROM gys_OpcionesPorPerfil OP
INNER JOIN gys_Opciones O
ON OP.IdOpcion = O.IdOpcion
  AND OP.IdPerfil=?


09-07-2024 14:52:42 [http-nio-8443-exec-8] INFO  g.i.g.JdbcTemplateDemo01Application -- SELECT OP.IdOpcion, O.Descripcion, O.Componente, O.id_usuario
FROM gys_OpcionesPorPerfil OP
INNER JOIN gys_Opciones O
ON OP.IdOpcion = O.IdOpcion
  AND OP.IdPerfil=?


09-07-2024 14:52:44 [http-nio-8443-exec-9] INFO  g.i.g.JdbcTemplateDemo01Application -- SELECT u.*, e.id_sociedad, e.id_empleado, e.nombre, e.apellido_1, e.apellido_2, e.id_legal,
  d.id_div_geografica, n_div_geografica, n.Descripcion
FROM gys_Usuarios u, m4t_empleados e, m4t_delegaciones d, gys_NivelVisibilidad n
Where u.IdEmpleado=e.id_empleado And u.IdDelegacion=d.id_div_geografica
  And u.IdNivelVisibilidad=n.IdNivelVisibilidad And u.IdUsuario=?


09-07-2024 14:52:44 [http-nio-8443-exec-9] INFO  g.i.g.JdbcTemplateDemo01Application -- SELECT * from gys_fechas_control WHERE estatus = 1


09-07-2024 14:53:40 [http-nio-8443-exec-10] INFO  g.i.g.JdbcTemplateDemo01Application -- SELECT * FROM gys_presupuesto_tip_movs


09-07-2024 14:53:45 [http-nio-8443-exec-1] INFO  g.i.g.JdbcTemplateDemo01Application -- SELECT u.*, e.id_sociedad, e.id_empleado, e.nombre, e.apellido_1, e.apellido_2, e.id_legal,
d.id_div_geografica, n_div_geografica, n.Descripcion
FROM gys_Usuarios u, m4t_empleados e, m4t_delegaciones d, gys_NivelVisibilidad n
Where u.IdEmpleado=e.id_empleado And u.IdDelegacion=d.id_div_geografica  And u.IdNivelVisibilidad=n.IdNivelVisibilidad And Clave=? And Password=?


09-07-2024 14:53:45 [http-nio-8443-exec-1] INFO  g.i.g.JdbcTemplateDemo01Application -- SELECT id_centro_trabajo Clave, n_centro_trabajo Descripcion, id_tipo_ct Tipo, id_zona Zona
FROM gys_Usuarios_Centros_Trab U, m4t_centros_trab C
Where U.IdCentroTrab = C.id_centro_trabajo And U.IdUsuario = ?



09-07-2024 14:53:45 [http-nio-8443-exec-1] INFO  g.i.g.JdbcTemplateDemo01Application -- SELECT P.IdPerfil, P.Descripcion, PU.IdUsuario, P.id_usuario 
FROM gys_PerfilesPorUsuario PU
INNER JOIN gys_Perfiles P
ON PU.IdPerfil = P.IdPerfil
  And PU.IdUsuario=?


09-07-2024 14:53:46 [http-nio-8443-exec-1] INFO  g.i.g.JdbcTemplateDemo01Application -- SELECT OP.IdOpcion, O.Descripcion, O.Componente, O.id_usuario
FROM gys_OpcionesPorPerfil OP
INNER JOIN gys_Opciones O
ON OP.IdOpcion = O.IdOpcion
  AND OP.IdPerfil=?


09-07-2024 14:53:46 [http-nio-8443-exec-1] INFO  g.i.g.JdbcTemplateDemo01Application -- SELECT OP.IdOpcion, O.Descripcion, O.Componente, O.id_usuario
FROM gys_OpcionesPorPerfil OP
INNER JOIN gys_Opciones O
ON OP.IdOpcion = O.IdOpcion
  AND OP.IdPerfil=?


09-07-2024 14:53:47 [http-nio-8443-exec-1] INFO  g.i.g.JdbcTemplateDemo01Application -- SELECT OP.IdOpcion, O.Descripcion, O.Componente, O.id_usuario
FROM gys_OpcionesPorPerfil OP
INNER JOIN gys_Opciones O
ON OP.IdOpcion = O.IdOpcion
  AND OP.IdPerfil=?


09-07-2024 14:53:47 [http-nio-8443-exec-1] INFO  g.i.g.JdbcTemplateDemo01Application -- SELECT OP.IdOpcion, O.Descripcion, O.Componente, O.id_usuario
FROM gys_OpcionesPorPerfil OP
INNER JOIN gys_Opciones O
ON OP.IdOpcion = O.IdOpcion
  AND OP.IdPerfil=?


09-07-2024 14:53:48 [http-nio-8443-exec-1] INFO  g.i.g.JdbcTemplateDemo01Application -- SELECT OP.IdOpcion, O.Descripcion, O.Componente, O.id_usuario
FROM gys_OpcionesPorPerfil OP
INNER JOIN gys_Opciones O
ON OP.IdOpcion = O.IdOpcion
  AND OP.IdPerfil=?


09-07-2024 14:53:48 [http-nio-8443-exec-1] INFO  g.i.g.JdbcTemplateDemo01Application -- SELECT OP.IdOpcion, O.Descripcion, O.Componente, O.id_usuario
FROM gys_OpcionesPorPerfil OP
INNER JOIN gys_Opciones O
ON OP.IdOpcion = O.IdOpcion
  AND OP.IdPerfil=?


09-07-2024 14:53:51 [http-nio-8443-exec-2] INFO  g.i.g.JdbcTemplateDemo01Application -- SELECT u.*, e.id_sociedad, e.id_empleado, e.nombre, e.apellido_1, e.apellido_2, e.id_legal,
  d.id_div_geografica, n_div_geografica, n.Descripcion
FROM gys_Usuarios u, m4t_empleados e, m4t_delegaciones d, gys_NivelVisibilidad n
Where u.IdEmpleado=e.id_empleado And u.IdDelegacion=d.id_div_geografica
  And u.IdNivelVisibilidad=n.IdNivelVisibilidad And u.IdUsuario=?


09-07-2024 14:53:51 [http-nio-8443-exec-2] INFO  g.i.g.JdbcTemplateDemo01Application -- SELECT * from gys_fechas_control WHERE estatus = 1


09-07-2024 14:54:40 [http-nio-8443-exec-3] INFO  g.i.g.JdbcTemplateDemo01Application -- SELECT * FROM gys_presupuesto_tip_movs


09-07-2024 14:55:17 [http-nio-8443-exec-5] INFO  g.i.g.JdbcTemplateDemo01Application -- SELECT * FROM gys_presupuesto_tip_movs


09-07-2024 14:55:44 [http-nio-8443-exec-6] INFO  g.i.g.JdbcTemplateDemo01Application -- SELECT * FROM gys_presupuesto_tip_movs


09-07-2024 14:56:13 [http-nio-8443-exec-7] INFO  g.i.g.JdbcTemplateDemo01Application -- SELECT * FROM gys_presupuesto_tip_movs


09-07-2024 14:58:54 [http-nio-8443-exec-9] INFO  g.i.g.JdbcTemplateDemo01Application -- SELECT * FROM gys_presupuesto_tip_movs


09-07-2024 14:59:29 [http-nio-8443-exec-10] INFO  g.i.g.JdbcTemplateDemo01Application -- SELECT * FROM gys_presupuesto_tip_movs


09-07-2024 14:59:39 [http-nio-8443-exec-1] INFO  g.i.g.JdbcTemplateDemo01Application -- SELECT * FROM gys_presupuesto_tip_movs


09-07-2024 14:59:50 [http-nio-8443-exec-3] INFO  g.i.g.JdbcTemplateDemo01Application -- SELECT u.*, e.id_sociedad, e.id_empleado, e.nombre, e.apellido_1, e.apellido_2, e.id_legal,
d.id_div_geografica, n_div_geografica, n.Descripcion
FROM gys_Usuarios u, m4t_empleados e, m4t_delegaciones d, gys_NivelVisibilidad n
Where u.IdEmpleado=e.id_empleado And u.IdDelegacion=d.id_div_geografica  And u.IdNivelVisibilidad=n.IdNivelVisibilidad And Clave=? And Password=?


09-07-2024 14:59:50 [http-nio-8443-exec-3] INFO  g.i.g.JdbcTemplateDemo01Application -- SELECT id_centro_trabajo Clave, n_centro_trabajo Descripcion, id_tipo_ct Tipo, id_zona Zona
FROM gys_Usuarios_Centros_Trab U, m4t_centros_trab C
Where U.IdCentroTrab = C.id_centro_trabajo And U.IdUsuario = ?



09-07-2024 14:59:51 [http-nio-8443-exec-3] INFO  g.i.g.JdbcTemplateDemo01Application -- SELECT P.IdPerfil, P.Descripcion, PU.IdUsuario, P.id_usuario 
FROM gys_PerfilesPorUsuario PU
INNER JOIN gys_Perfiles P
ON PU.IdPerfil = P.IdPerfil
  And PU.IdUsuario=?


09-07-2024 14:59:51 [http-nio-8443-exec-3] INFO  g.i.g.JdbcTemplateDemo01Application -- SELECT OP.IdOpcion, O.Descripcion, O.Componente, O.id_usuario
FROM gys_OpcionesPorPerfil OP
INNER JOIN gys_Opciones O
ON OP.IdOpcion = O.IdOpcion
  AND OP.IdPerfil=?


09-07-2024 14:59:51 [http-nio-8443-exec-3] INFO  g.i.g.JdbcTemplateDemo01Application -- SELECT OP.IdOpcion, O.Descripcion, O.Componente, O.id_usuario
FROM gys_OpcionesPorPerfil OP
INNER JOIN gys_Opciones O
ON OP.IdOpcion = O.IdOpcion
  AND OP.IdPerfil=?


09-07-2024 14:59:52 [http-nio-8443-exec-3] INFO  g.i.g.JdbcTemplateDemo01Application -- SELECT OP.IdOpcion, O.Descripcion, O.Componente, O.id_usuario
FROM gys_OpcionesPorPerfil OP
INNER JOIN gys_Opciones O
ON OP.IdOpcion = O.IdOpcion
  AND OP.IdPerfil=?


09-07-2024 14:59:53 [http-nio-8443-exec-3] INFO  g.i.g.JdbcTemplateDemo01Application -- SELECT OP.IdOpcion, O.Descripcion, O.Componente, O.id_usuario
FROM gys_OpcionesPorPerfil OP
INNER JOIN gys_Opciones O
ON OP.IdOpcion = O.IdOpcion
  AND OP.IdPerfil=?


09-07-2024 14:59:53 [http-nio-8443-exec-3] INFO  g.i.g.JdbcTemplateDemo01Application -- SELECT OP.IdOpcion, O.Descripcion, O.Componente, O.id_usuario
FROM gys_OpcionesPorPerfil OP
INNER JOIN gys_Opciones O
ON OP.IdOpcion = O.IdOpcion
  AND OP.IdPerfil=?


09-07-2024 14:59:54 [http-nio-8443-exec-3] INFO  g.i.g.JdbcTemplateDemo01Application -- SELECT OP.IdOpcion, O.Descripcion, O.Componente, O.id_usuario
FROM gys_OpcionesPorPerfil OP
INNER JOIN gys_Opciones O
ON OP.IdOpcion = O.IdOpcion
  AND OP.IdPerfil=?


09-07-2024 14:59:56 [http-nio-8443-exec-5] INFO  g.i.g.JdbcTemplateDemo01Application -- SELECT u.*, e.id_sociedad, e.id_empleado, e.nombre, e.apellido_1, e.apellido_2, e.id_legal,
  d.id_div_geografica, n_div_geografica, n.Descripcion
FROM gys_Usuarios u, m4t_empleados e, m4t_delegaciones d, gys_NivelVisibilidad n
Where u.IdEmpleado=e.id_empleado And u.IdDelegacion=d.id_div_geografica
  And u.IdNivelVisibilidad=n.IdNivelVisibilidad And u.IdUsuario=?


09-07-2024 14:59:56 [http-nio-8443-exec-5] INFO  g.i.g.JdbcTemplateDemo01Application -- SELECT * from gys_fechas_control WHERE estatus = 1


09-07-2024 15:00:04 [http-nio-8443-exec-7] INFO  g.i.g.JdbcTemplateDemo01Application -- Select P.id, P.anio, P.mes, P.saldo, P.idDelegacion, D.n_div_geografica, NVL(P.id_centro_trabajo, '00000') id_centro_trabajo,
P.idTipoPresup, T.clave clave_tipo_presup, T.descripcion descripcion_tipo_presup,
NVL(C.id_centro_trabajo, '') Clave, NVL(n_centro_trabajo, '') Descripcion, NVL(id_tipo_ct, '') Tipo, NVL(id_zona, '') Zona
From gys_presupuesto P Left Join m4t_centros_trab C ON P.id_centro_trabajo = C.id_centro_trabajo, gys_tip_presupuesto T, m4t_delegaciones D
Where P.idTipoPresup=T.id And P.idDelegacion=D.id_div_geografica
And P.anio = ?
And P.mes = ?
And P.id_centro_trabajo Is NULL
Order by idDelegacion


09-07-2024 15:00:51 [http-nio-8443-exec-8] INFO  g.i.g.JdbcTemplateDemo01Application -- Select P.id, P.anio, P.mes, P.saldo, P.idDelegacion, D.n_div_geografica, NVL(P.id_centro_trabajo, '00000') id_centro_trabajo,
P.idTipoPresup, T.clave clave_tipo_presup, T.descripcion descripcion_tipo_presup,
NVL(C.id_centro_trabajo, '') Clave, NVL(n_centro_trabajo, '') Descripcion, NVL(id_tipo_ct, '') Tipo, NVL(id_zona, '') Zona
From gys_presupuesto P Left Join m4t_centros_trab C ON P.id_centro_trabajo = C.id_centro_trabajo, gys_tip_presupuesto T, m4t_delegaciones D
Where P.idTipoPresup=T.id And P.idDelegacion=D.id_div_geografica
And P.anio = ?
And P.mes = ?
And P.id_centro_trabajo Is NULL
Order by idDelegacion


09-07-2024 15:02:28 [http-nio-8443-exec-10] INFO  g.i.g.JdbcTemplateDemo01Application -- SELECT * FROM gys_presupuesto_tip_movs


09-07-2024 15:02:28 [http-nio-8443-exec-1] INFO  g.i.g.JdbcTemplateDemo01Application -- SELECT * FROM gys_presupuesto_tip_movs


09-07-2024 16:02:09 [http-nio-8443-exec-4] INFO  g.i.g.JdbcTemplateDemo01Application -- SELECT * FROM gys_presupuesto_tip_movs


09-07-2024 16:02:58 [http-nio-8443-exec-5] INFO  g.i.g.JdbcTemplateDemo01Application -- SELECT * FROM gys_presupuesto_tip_movs


09-07-2024 16:09:32 [http-nio-8443-exec-7] INFO  g.i.g.JdbcTemplateDemo01Application -- SELECT * FROM gys_presupuesto_tip_movs


09-07-2024 21:48:29 [SpringApplicationShutdownHook] INFO  com.zaxxer.hikari.HikariDataSource -- HikariPool-1 - Shutdown initiated...


